nativetemplates/build/intermediates/manifest_merge_blame_file/debug/manifest-merger-blame-debug-report.txt
1<?xml version="1.0" encoding="utf-8"?>
2<manifest xmlns:android="http://schemas.android.com/apk/res/android"
3    package="com.google.android.ads.nativetemplates" >
4
5    <uses-sdk
6        android:minSdkVersion="16"
6-->src\main\AndroidManifest.xml
7        android:targetSdkVersion="30" />
7-->src\main\AndroidManifest.xml
8
9    <uses-permission android:name="android.permission.INTERNET" />
9-->src\main\AndroidManifest.xml:4:5-67
9-->src\main\AndroidManifest.xml:4:22-64
10
11    <application android:supportsRtl="true" >
11-->src\main\AndroidManifest.xml:5:5-7:17
11-->src\main\AndroidManifest.xml:5:18-44
12    </application>
13
14</manifest>